2023-06-19 08:22:43,330 INFO o.e.b.m.MyBatisRunner [main] null
2023-06-19 08:24:39,557 INFO o.e.b.m.MyBatisRunner [main] Country{id=1, name='united states'}
2023-06-19 08:25:03,081 INFO o.e.b.m.MyBatisRunner [main] null
2023-06-19 08:51:15,768 INFO o.e.b.m.MyBatisRunner [main] null
2023-06-19 08:54:00,344 INFO o.e.b.m.MyBatisRunner [main] null
2023-06-20 08:34:37,087 INFO o.e.b.m.MyBatisRunner [main] City{id=1, name='los angeles', country=united states}
2023-06-20 08:37:14,916 INFO o.e.b.m.MyBatisRunner [main] Address{id=1, address='1111 s figueroa st', postalCode='90015', city= los angeles}
2023-06-20 14:27:04,831 INFO o.e.b.m.MyBatisRunner [main] Equipment{id=1, name='crane', description='100 ft lifting crane', quantity=1, cost=250000, supplier=supreme concrete}
2023-06-20 14:34:16,605 INFO o.e.b.m.MyBatisRunner [main] null
2023-06-20 14:35:01,713 INFO o.e.b.m.MyBatisRunner [main] Client{id=2, name='target', phoneNumber='8004561379', address=1111 s figueroa st}
2023-06-20 14:40:47,721 INFO o.e.b.m.MyBatisRunner [main] Material{id=2, name='concrete', description='90 lbs quickmix concrete', quantity=10, cost=15, supplier=supreme concrete}
2023-06-20 15:04:44,320 INFO o.e.b.m.MyBatisRunner [main] Project{id=1, name='empire state', description='remodeling empire state', cost=800000, client=target, address=1111 s figueroa st}
2023-06-21 14:09:46,228 INFO o.e.b.m.MyBatisRunner [main] [Country{id=1, name='united states'}, Country{id=3, name='Canada'}]
2023-06-21 14:10:58,918 INFO o.e.b.m.MyBatisRunner [main] [Country{id=1, name='united states'}, Country{id=3, name='Canada'}]

2023-06-21 14:10:58,921 INFO o.e.b.m.MyBatisRunner [main] Country{id=3, name='Canada'}
2023-06-29 14:42:27,830 INFO o.e.b.d.o.Observer1 [main] Recieved an update. New state is: 10
2023-06-29 14:42:27,833 INFO o.e.b.d.o.Observer2 [main] Recieved an update: New state is: 10
2023-06-29 14:42:27,833 INFO o.e.b.d.o.Observer2 [main] Recieved an update: New state is: 15
2023-06-29 14:42:56,376 INFO o.e.b.d.o.Observer1 [main] Recieved an update. New state is: 10

2023-06-29 14:42:56,380 INFO o.e.b.d.o.Observer2 [main] Recieved an update: New state is: 10

2023-06-29 14:42:56,380 INFO o.e.b.d.o.Observer2 [main] Recieved an update: New state is: 15

2023-06-29 14:43:53,806 INFO o.e.b.d.o.Observer1 [main] Observer1 received an update. New state is: 10

2023-06-29 14:43:53,809 INFO o.e.b.d.o.Observer2 [main] Observer2 received an update: New state is: 10

2023-06-29 14:43:53,810 INFO o.e.b.d.o.Observer2 [main] Observer2 received an update: New state is: 15

2023-06-30 08:04:51,717 INFO o.e.b.d.f.ComputerFacade [main] Computer is starting
2023-06-30 08:04:51,719 INFO o.e.b.d.f.CPU [main] CPU is executing
2023-06-30 08:04:51,719 INFO o.e.b.d.f.Memory [main] Data is being loaded
2023-06-30 08:04:51,719 INFO o.e.b.d.f.HardDrive [main] Data being read from hard-drive.
2023-06-30 08:04:51,719 INFO o.e.b.d.f.ComputerFacade [main] Computer is shutting down.
2023-06-30 08:05:41,317 INFO o.e.b.d.f.ComputerFacade [main] Computer is starting

2023-06-30 08:05:41,320 INFO o.e.b.d.f.CPU [main] CPU is executing

2023-06-30 08:05:41,320 INFO o.e.b.d.f.Memory [main] Data is being loaded

2023-06-30 08:05:41,320 INFO o.e.b.d.f.HardDrive [main] Data being read from hard-drive.

2023-06-30 08:05:41,320 INFO o.e.b.d.f.ComputerFacade [main] Computer is shutting down.

